<?xml version="1.0" encoding="UTF-8"?>
<!-- Generated by org.testng.reporters.JUnitReportReporter -->
<testsuite hostname="DESKTOP-CB2UJMH" failures="0" tests="2" name="test.DriverDeletionTest" time="14.197" errors="0" timestamp="2025-04-30T10:26:43 IST" skipped="0">
  <testcase classname="test.DriverDeletionTest" name="Login" time="1.864"/>
  <testcase classname="test.DriverDeletionTest" name="delete_driver" time="12.333"/>
</testsuite> <!-- test.DriverDeletionTest -->
