<?xml version="1.0" encoding="UTF-8"?>
<!-- Generated by org.testng.reporters.JUnitReportReporter -->
<testsuite hostname="DESKTOP-CB2UJMH" failures="0" tests="2" name="test.TransportOfficerQrDownloadTest" time="16.962" errors="0" timestamp="2025-04-30T11:05:29 IST" skipped="0">
  <testcase classname="test.TransportOfficerQrDownloadTest" name="Login" time="1.966"/>
  <testcase classname="test.TransportOfficerQrDownloadTest" name="download_transport_officer_qr_code" time="14.996"/>
</testsuite> <!-- test.TransportOfficerQrDownloadTest -->
