<?xml version="1.0" encoding="UTF-8"?>
<!-- Generated by org.testng.reporters.JUnitReportReporter -->
<testsuite hostname="Dell-7390" failures="0" tests="1" name="test.Employee_Bus_Attendant_Test" time="36.315" errors="0" timestamp="2025-04-21T13:27:03 IST" skipped="0">
  <testcase classname="test.Employee_Bus_Attendant_Test" name="bus_attendant_creation" time="36.315"/>
</testsuite> <!-- test.Employee_Bus_Attendant_Test -->
