<?xml version="1.0" encoding="UTF-8"?>
<!-- Generated by org.testng.reporters.JUnitReportReporter -->
<testsuite hostname="DESKTOP-CB2UJMH" failures="0" tests="2" name="test.StudentCreationTest" time="19.947" errors="0" timestamp="2025-04-30T09:42:34 IST" skipped="0">
  <testcase classname="test.StudentCreationTest" name="Login" time="1.791"/>
  <testcase classname="test.StudentCreationTest" name="student_creation" time="18.156"/>
</testsuite> <!-- test.StudentCreationTest -->
