<?xml version="1.0" encoding="UTF-8"?>
<!-- Generated by org.testng.reporters.JUnitReportReporter -->
<testsuite hostname="DESKTOP-CB2UJMH" failures="0" tests="2" name="general_settings.routes.RouteDeletionTest" time="8.919" errors="0" timestamp="2025-05-07T16:40:45 IST" skipped="0">
  <testcase classname="general_settings.routes.RouteDeletionTest" name="Login" time="1.824"/>
  <testcase classname="general_settings.routes.RouteDeletionTest" name="delete_route" time="7.095"/>
</testsuite> <!-- general_settings.routes.RouteDeletionTest -->
