<?xml version="1.0" encoding="UTF-8"?>
<!-- Generated by org.testng.reporters.JUnitReportReporter -->
<testsuite hostname="DESKTOP-CB2UJMH" failures="0" tests="5" name="test.Student_Creation_Positive_Test" time="42.154" errors="0" timestamp="2025-04-28T11:28:49 IST" skipped="0">
  <testcase classname="test.Student_Creation_Positive_Test" name="Login" time="1.850"/>
  <testcase classname="test.Student_Creation_Positive_Test" name="student_creation" time="14.904"/>
  <testcase classname="test.Student_Creation_Positive_Test" name="update_bus_attendant" time="10.390"/>
  <testcase classname="test.Student_Creation_Positive_Test" name="download_bus_attendant_qr_code" time="8.936"/>
  <testcase classname="test.Student_Creation_Positive_Test" name="delete_bus_attendant" time="6.074"/>
</testsuite> <!-- test.Student_Creation_Positive_Test -->
