<?xml version="1.0" encoding="UTF-8"?>
<!-- Generated by org.testng.reporters.JUnitReportReporter -->
<testsuite hostname="DESKTOP-CB2UJMH" failures="0" tests="2" name="general_settings.routes.RouteUpdationTest" time="8.879" errors="0" timestamp="2025-05-07T16:35:18 IST" skipped="0">
  <testcase classname="general_settings.routes.RouteUpdationTest" name="Login" time="1.825"/>
  <testcase classname="general_settings.routes.RouteUpdationTest" name="create_class" time="7.054"/>
</testsuite> <!-- general_settings.routes.RouteUpdationTest -->
