<?xml version="1.0" encoding="UTF-8"?>
<!-- Generated by org.testng.reporters.JUnitReportReporter -->
<testsuite hostname="DESKTOP-CB2UJMH" failures="0" tests="2" name="test.GateKeeperQrDownloadTest" time="18.412" errors="0" timestamp="2025-04-30T10:42:45 IST" skipped="0">
  <testcase classname="test.GateKeeperQrDownloadTest" name="Login" time="2.631"/>
  <testcase classname="test.GateKeeperQrDownloadTest" name="download_gate_keeper_qr_code" time="15.781"/>
</testsuite> <!-- test.GateKeeperQrDownloadTest -->
