<?xml version="1.0" encoding="UTF-8"?>
<!-- Generated by org.testng.reporters.JUnitReportReporter -->
<testsuite hostname="DESKTOP-CB2UJMH" failures="0" tests="5" name="test.Employee_Bus_Attendant_Positive_Test" time="47.999" errors="0" timestamp="2025-04-23T14:02:58 IST" skipped="0">
  <testcase classname="test.Employee_Bus_Attendant_Positive_Test" name="create_bus_attendant" time="13.916"/>
  <testcase classname="test.Employee_Bus_Attendant_Positive_Test" name="search_bus_attendant" time="3.628"/>
  <testcase classname="test.Employee_Bus_Attendant_Positive_Test" name="update_bus_attendant" time="12.754"/>
  <testcase classname="test.Employee_Bus_Attendant_Positive_Test" name="download_bus_attendant_qr_code" time="8.457"/>
  <testcase classname="test.Employee_Bus_Attendant_Positive_Test" name="delete_bus_attendant" time="9.244"/>
</testsuite> <!-- test.Employee_Bus_Attendant_Positive_Test -->
