<?xml version="1.0" encoding="UTF-8"?>
<!-- Generated by org.testng.reporters.JUnitReportReporter -->
<testsuite hostname="DESKTOP-CB2UJMH" failures="0" tests="2" name="test.TeacherUpdationTest" time="17.667" errors="0" timestamp="2025-04-30T10:56:14 IST" skipped="0">
  <testcase classname="test.TeacherUpdationTest" name="Login" time="3.175"/>
  <testcase classname="test.TeacherUpdationTest" name="update_driver" time="14.492"/>
</testsuite> <!-- test.TeacherUpdationTest -->
