<?xml version="1.0" encoding="UTF-8"?>
<!-- Generated by org.testng.reporters.JUnitReportReporter -->
<testsuite hostname="DESKTOP-CB2UJMH" failures="0" tests="2" name="test.GateKeeperDeletionTest" time="16.070" errors="0" timestamp="2025-04-30T10:43:53 IST" skipped="0">
  <testcase classname="test.GateKeeperDeletionTest" name="Login" time="2.232"/>
  <testcase classname="test.GateKeeperDeletionTest" name="delete_gate_keeper" time="13.838"/>
</testsuite> <!-- test.GateKeeperDeletionTest -->
