<?xml version="1.0" encoding="UTF-8"?>
<!-- Generated by org.testng.reporters.JUnitReportReporter -->
<testsuite hostname="DESKTOP-CB2UJMH" failures="0" tests="2" name="test.BusAttendantUpdationTest" time="22.053" errors="0" timestamp="2025-04-30T10:01:14 IST" skipped="0">
  <testcase classname="test.BusAttendantUpdationTest" name="Login" time="1.747"/>
  <testcase classname="test.BusAttendantUpdationTest" name="update_bus_attendant" time="20.306"/>
</testsuite> <!-- test.BusAttendantUpdationTest -->
