<?xml version="1.0" encoding="UTF-8"?>
<!-- Generated by org.testng.reporters.JUnitReportReporter -->
<testsuite hostname="DESKTOP-CB2UJMH" failures="0" tests="1" name="test.Employee_Bulk_Upload_Positive_Test" time="12.132" errors="0" timestamp="2025-04-24T12:40:52 IST" skipped="0">
  <testcase classname="test.Employee_Bulk_Upload_Positive_Test" name="bulk_upload" time="12.132"/>
</testsuite> <!-- test.Employee_Bulk_Upload_Positive_Test -->
