<?xml version="1.0" encoding="UTF-8"?>
<!-- Generated by org.testng.reporters.JUnitReportReporter -->
<testsuite hostname="DESKTOP-CB2UJMH" failures="0" tests="2" name="general_settings.classes.ClassDeletionTest" time="8.843" errors="0" timestamp="2025-05-07T14:06:13 IST" skipped="0">
  <testcase classname="general_settings.classes.ClassDeletionTest" name="Login" time="1.879"/>
  <testcase classname="general_settings.classes.ClassDeletionTest" name="delete_class" time="6.964"/>
</testsuite> <!-- general_settings.classes.ClassDeletionTest -->
