<?xml version="1.0" encoding="UTF-8"?>
<!-- Generated by org.testng.reporters.JUnitReportReporter -->
<testsuite hostname="DESKTOP-CB2UJMH" failures="0" tests="2" name="test.GateKeeperUpdationTest" time="15.817" errors="0" timestamp="2025-04-30T10:41:28 IST" skipped="0">
  <testcase classname="test.GateKeeperUpdationTest" name="Login" time="1.766"/>
  <testcase classname="test.GateKeeperUpdationTest" name="update_driver" time="14.051"/>
</testsuite> <!-- test.GateKeeperUpdationTest -->
