<?xml version="1.0" encoding="UTF-8"?>
<!-- Generated by org.testng.reporters.JUnitReportReporter -->
<testsuite hostname="DESKTOP-CB2UJMH" failures="0" tests="2" name="test.BusAttendantQrDownloadTest" time="16.342" errors="0" timestamp="2025-04-30T10:05:26 IST" skipped="0">
  <testcase classname="test.BusAttendantQrDownloadTest" name="Login" time="1.772"/>
  <testcase classname="test.BusAttendantQrDownloadTest" name="download_bus_attendant_qr_code" time="14.570"/>
</testsuite> <!-- test.BusAttendantQrDownloadTest -->
