<?xml version="1.0" encoding="UTF-8"?>
<!-- Generated by org.testng.reporters.JUnitReportReporter -->
<testsuite hostname="DESKTOP-CB2UJMH" failures="0" tests="4" name="test.Employee_Gate_Keeper_Positive_Test" time="37.700" errors="0" timestamp="2025-04-23T15:41:40 IST" skipped="0">
  <testcase classname="test.Employee_Gate_Keeper_Positive_Test" name="create_gate_keeper" time="11.591"/>
  <testcase classname="test.Employee_Gate_Keeper_Positive_Test" name="update_driver" time="10.039"/>
  <testcase classname="test.Employee_Gate_Keeper_Positive_Test" name="download_gate_keeper_qr_code" time="8.032"/>
  <testcase classname="test.Employee_Gate_Keeper_Positive_Test" name="delete_gate_keeper" time="8.038"/>
</testsuite> <!-- test.Employee_Gate_Keeper_Positive_Test -->
