<?xml version="1.0" encoding="UTF-8"?>
<!-- Generated by org.testng.reporters.JUnitReportReporter -->
<testsuite hostname="DESKTOP-CB2UJMH" failures="0" tests="4" name="test.Employee_Transport_Officer_Positive_Test" time="38.329" errors="0" timestamp="2025-04-24T09:44:14 IST" skipped="0">
  <testcase classname="test.Employee_Transport_Officer_Positive_Test" name="create_transport_officer" time="11.246"/>
  <testcase classname="test.Employee_Transport_Officer_Positive_Test" name="update_driver" time="10.571"/>
  <testcase classname="test.Employee_Transport_Officer_Positive_Test" name="download_transport_officer_qr_code" time="7.840"/>
  <testcase classname="test.Employee_Transport_Officer_Positive_Test" name="delete_transport_officer" time="8.672"/>
</testsuite> <!-- test.Employee_Transport_Officer_Positive_Test -->
