<?xml version="1.0" encoding="UTF-8"?>
<!-- Generated by org.testng.reporters.JUnitReportReporter -->
<testsuite hostname="DESKTOP-CB2UJMH" failures="0" tests="2" name="test.LoginTest" time="5.297" errors="0" timestamp="2025-05-01T10:59:11 IST" skipped="0">
  <testcase classname="test.LoginTest" name="validLogin_display_company_logo" time="3.500"/>
  <testcase classname="test.LoginTest" name="test_valid_login" time="1.797"/>
</testsuite> <!-- test.LoginTest -->
