<?xml version="1.0" encoding="UTF-8"?>
<!-- Generated by org.testng.reporters.JUnitReportReporter -->
<testsuite hostname="DESKTOP-CB2UJMH" failures="0" tests="2" name="test.DriverQrDownloadTest" time="16.451" errors="0" timestamp="2025-04-30T10:34:20 IST" skipped="0">
  <testcase classname="test.DriverQrDownloadTest" name="Login" time="1.826"/>
  <testcase classname="test.DriverQrDownloadTest" name="download_driver_qr_code" time="14.625"/>
</testsuite> <!-- test.DriverQrDownloadTest -->
