<?xml version="1.0" encoding="UTF-8"?>
<!-- Generated by org.testng.reporters.JUnitReportReporter -->
<testsuite hostname="DESKTOP-CB2UJMH" failures="0" tests="2" name="test.TransportOfficerDeletionTest" time="15.501" errors="0" timestamp="2025-04-30T11:06:42 IST" skipped="0">
  <testcase classname="test.TransportOfficerDeletionTest" name="Login" time="2.057"/>
  <testcase classname="test.TransportOfficerDeletionTest" name="delete_transport_officer" time="13.444"/>
</testsuite> <!-- test.TransportOfficerDeletionTest -->
