<?xml version="1.0" encoding="UTF-8"?>
<!-- Generated by org.testng.reporters.JUnitReportReporter -->
<testsuite hostname="DESKTOP-CB2UJMH" failures="0" tests="2" name="test.StudentDeletionTest" time="15.084" errors="0" timestamp="2025-04-30T09:40:52 IST" skipped="0">
  <testcase classname="test.StudentDeletionTest" name="Login" time="2.528"/>
  <testcase classname="test.StudentDeletionTest" name="delete_bus_attendant" time="12.556"/>
</testsuite> <!-- test.StudentDeletionTest -->
