<?xml version="1.0" encoding="UTF-8"?>
<!-- Generated by org.testng.reporters.JUnitReportReporter -->
<testsuite hostname="DESKTOP-CB2UJMH" failures="0" tests="4" name="test.Employee_Driver_Positive_Test" time="39.394" errors="0" timestamp="2025-04-24T09:44:14 IST" skipped="0">
  <testcase classname="test.Employee_Driver_Positive_Test" name="create_driver" time="11.252"/>
  <testcase classname="test.Employee_Driver_Positive_Test" name="update_driver" time="11.203"/>
  <testcase classname="test.Employee_Driver_Positive_Test" name="download_driver_qr_code" time="7.851"/>
  <testcase classname="test.Employee_Driver_Positive_Test" name="delete_driver" time="9.088"/>
</testsuite> <!-- test.Employee_Driver_Positive_Test -->
