<?xml version="1.0" encoding="UTF-8"?>
<!-- Generated by org.testng.reporters.JUnitReportReporter -->
<testsuite hostname="DESKTOP-CB2UJMH" failures="0" tests="2" name="test.TeacherCreationTest" time="13.722" errors="0" timestamp="2025-04-30T10:55:22 IST" skipped="0">
  <testcase classname="test.TeacherCreationTest" name="Login" time="2.829"/>
  <testcase classname="test.TeacherCreationTest" name="create_teacher" time="10.893"/>
</testsuite> <!-- test.TeacherCreationTest -->
