<?xml version="1.0" encoding="UTF-8"?>
<!-- Generated by org.testng.reporters.JUnitReportReporter -->
<testsuite hostname="DESKTOP-CB2UJMH" failures="0" tests="2" name="general_settings.bus_stops.BusStopCreationTest" time="11.805" errors="0" timestamp="2025-05-07T16:26:40 IST" skipped="0">
  <testcase classname="general_settings.bus_stops.BusStopCreationTest" name="Login" time="1.953"/>
  <testcase classname="general_settings.bus_stops.BusStopCreationTest" name="create_class" time="9.852"/>
</testsuite> <!-- general_settings.bus_stops.BusStopCreationTest -->
