<?xml version="1.0" encoding="UTF-8"?>
<!-- Generated by org.testng.reporters.JUnitReportReporter -->
<testsuite hostname="DESKTOP-CB2UJMH" failures="0" tests="2" name="test.Student_Creation_Positive_Test" time="15.761" errors="0" timestamp="2025-04-24T17:11:59 IST" skipped="0">
  <testcase classname="test.Student_Creation_Positive_Test" name="Login" time="2.550"/>
  <testcase classname="test.Student_Creation_Positive_Test" name="student_creation" time="13.211"/>
</testsuite> <!-- test.Student_Creation_Positive_Test -->
