<?xml version="1.0" encoding="UTF-8"?>
<!-- Generated by org.testng.reporters.JUnitReportReporter -->
<testsuite hostname="DESKTOP-CB2UJMH" failures="0" tests="2" name="test.BusAttendantCreationTest" time="13.906" errors="0" timestamp="2025-04-30T10:00:11 IST" skipped="0">
  <testcase classname="test.BusAttendantCreationTest" name="Login" time="2.101"/>
  <testcase classname="test.BusAttendantCreationTest" name="create_bus_attendant" time="11.805"/>
</testsuite> <!-- test.BusAttendantCreationTest -->
