<?xml version="1.0" encoding="UTF-8"?>
<!-- Generated by org.testng.reporters.JUnitReportReporter -->
<testsuite hostname="DESKTOP-CB2UJMH" failures="0" tests="2" name="tracking.BusTrackingTest" time="10.772" errors="0" timestamp="2025-05-08T15:26:15 IST" skipped="0">
  <testcase classname="tracking.BusTrackingTest" name="Login" time="1.997"/>
  <testcase classname="tracking.BusTrackingTest" name="busTrackingTest" time="8.775"/>
</testsuite> <!-- tracking.BusTrackingTest -->
