<?xml version="1.0" encoding="UTF-8"?>
<!-- Generated by org.testng.reporters.JUnitReportReporter -->
<testsuite hostname="DESKTOP-CB2UJMH" failures="0" tests="2" name="test.LoginNegativeTest" time="3.221" errors="0" timestamp="2025-05-02T11:54:32 IST" skipped="0">
  <testcase classname="test.LoginNegativeTest" name="test_invalid_login" time="1.886"/>
  <testcase classname="test.LoginNegativeTest" name="test_invalid_email_login" time="1.335"/>
</testsuite> <!-- test.LoginNegativeTest -->
