<?xml version="1.0" encoding="UTF-8"?>
<!-- Generated by org.testng.reporters.JUnitReportReporter -->
<testsuite hostname="DESKTOP-CB2UJMH" failures="0" tests="1" name="bulk_upload.BusStopBulkUpload" time="11.804" errors="0" timestamp="2025-05-07T16:01:10 IST" skipped="0">
  <testcase classname="bulk_upload.BusStopBulkUpload" name="bulk_upload" time="11.804"/>
</testsuite> <!-- bulk_upload.BusStopBulkUpload -->
