<?xml version="1.0" encoding="UTF-8"?>
<!-- Generated by org.testng.reporters.JUnitReportReporter -->
<testsuite hostname="DESKTOP-CB2UJMH" failures="0" tests="2" name="test.BusUpdationTest" time="13.917" errors="0" timestamp="2025-04-29T14:18:21 IST" skipped="0">
  <testcase classname="test.BusUpdationTest" name="Login" time="2.091"/>
  <testcase classname="test.BusUpdationTest" name="update_bus" time="11.826"/>
</testsuite> <!-- test.BusUpdationTest -->
