<?xml version="1.0" encoding="UTF-8"?>
<!-- Generated by org.testng.reporters.JUnitReportReporter -->
<testsuite hostname="DESKTOP-CB2UJMH" failures="0" tests="4" name="test.Employee_Driver_Positive_Test" time="40.729" errors="0" timestamp="2025-04-23T14:01:26 IST" skipped="0">
  <testcase classname="test.Employee_Driver_Positive_Test" name="create_driver" time="11.858"/>
  <testcase classname="test.Employee_Driver_Positive_Test" name="update_driver" time="11.036"/>
  <testcase classname="test.Employee_Driver_Positive_Test" name="download_driver_qr_code" time="8.432"/>
  <testcase classname="test.Employee_Driver_Positive_Test" name="delete_driver" time="9.403"/>
</testsuite> <!-- test.Employee_Driver_Positive_Test -->
