<?xml version="1.0" encoding="UTF-8"?>
<!-- Generated by org.testng.reporters.JUnitReportReporter -->
<testsuite hostname="Dell-7390" failures="0" tests="1" name="test.Employees_Test" time="37.051" errors="0" timestamp="2025-04-21T12:31:30 IST" skipped="0">
  <testcase classname="test.Employees_Test" name="bus_attendant_creation" time="37.051"/>
</testsuite> <!-- test.Employees_Test -->
