<?xml version="1.0" encoding="UTF-8"?>
<!-- Generated by org.testng.reporters.JUnitReportReporter -->
<testsuite hostname="DESKTOP-CB2UJMH" failures="0" tests="2" name="general_settings.bus_stops.BusStopCreationTest" time="11.244" errors="0" timestamp="2025-05-07T14:57:55 IST" skipped="0">
  <testcase classname="general_settings.bus_stops.BusStopCreationTest" name="Login" time="2.004"/>
  <testcase classname="general_settings.bus_stops.BusStopCreationTest" name="create_class" time="9.240"/>
</testsuite> <!-- general_settings.bus_stops.BusStopCreationTest -->
