<?xml version="1.0" encoding="UTF-8"?>
<!-- Generated by org.testng.reporters.JUnitReportReporter -->
<testsuite hostname="DESKTOP-CB2UJMH" failures="0" tests="2" name="general_settings.bus_stops.BusStopUpdationTest" time="11.534" errors="0" timestamp="2025-05-07T15:27:10 IST" skipped="0">
  <testcase classname="general_settings.bus_stops.BusStopUpdationTest" name="Login" time="1.876"/>
  <testcase classname="general_settings.bus_stops.BusStopUpdationTest" name="create_class" time="9.658"/>
</testsuite> <!-- general_settings.bus_stops.BusStopUpdationTest -->
