<?xml version="1.0" encoding="UTF-8"?>
<!-- Generated by org.testng.reporters.JUnitReportReporter -->
<testsuite hostname="DESKTOP-CB2UJMH" failures="0" tests="4" name="test.Employee_Teacher_Positive_Test" time="37.547" errors="0" timestamp="2025-04-24T09:44:14 IST" skipped="0">
  <testcase classname="test.Employee_Teacher_Positive_Test" name="create_teacher" time="11.469"/>
  <testcase classname="test.Employee_Teacher_Positive_Test" name="update_driver" time="9.953"/>
  <testcase classname="test.Employee_Teacher_Positive_Test" name="download_teacher_qr_code" time="7.814"/>
  <testcase classname="test.Employee_Teacher_Positive_Test" name="delete_teacher" time="8.311"/>
</testsuite> <!-- test.Employee_Teacher_Positive_Test -->
