<?xml version="1.0" encoding="UTF-8"?>
<!-- Generated by org.testng.reporters.JUnitReportReporter -->
<testsuite hostname="DESKTOP-CB2UJMH" failures="0" tests="5" name="test.Employee_Bus_Attendant_Positive_Test" time="46.489" errors="0" timestamp="2025-04-22T16:04:46 IST" skipped="0">
  <testcase classname="test.Employee_Bus_Attendant_Positive_Test" name="create_bus_attendant" time="14.089"/>
  <testcase classname="test.Employee_Bus_Attendant_Positive_Test" name="search_bus_attendant" time="3.518"/>
  <testcase classname="test.Employee_Bus_Attendant_Positive_Test" name="update_bus_attendant" time="11.944"/>
  <testcase classname="test.Employee_Bus_Attendant_Positive_Test" name="download_bus_attendant_qr_code" time="8.096"/>
  <testcase classname="test.Employee_Bus_Attendant_Positive_Test" name="delete_bus_attendant" time="8.842"/>
</testsuite> <!-- test.Employee_Bus_Attendant_Positive_Test -->
