<?xml version="1.0" encoding="UTF-8"?>
<!-- Generated by org.testng.reporters.JUnitReportReporter -->
<testsuite hostname="DESKTOP-CB2UJMH" failures="0" tests="2" name="test.TeacherQrDownloadTest" time="18.328" errors="0" timestamp="2025-04-30T10:57:08 IST" skipped="0">
  <testcase classname="test.TeacherQrDownloadTest" name="Login" time="2.692"/>
  <testcase classname="test.TeacherQrDownloadTest" name="download_teacher_qr_code" time="15.636"/>
</testsuite> <!-- test.TeacherQrDownloadTest -->
