<?xml version="1.0" encoding="UTF-8"?>
<!-- Generated by org.testng.reporters.JUnitReportReporter -->
<testsuite hostname="DESKTOP-CB2UJMH" failures="0" tests="2" name="test.BusAttendantDeletionTest" time="14.144" errors="0" timestamp="2025-04-30T10:06:44 IST" skipped="0">
  <testcase classname="test.BusAttendantDeletionTest" name="Login" time="1.768"/>
  <testcase classname="test.BusAttendantDeletionTest" name="delete_bus_attendant" time="12.376"/>
</testsuite> <!-- test.BusAttendantDeletionTest -->
