<?xml version="1.0" encoding="UTF-8"?>
<!-- Generated by org.testng.reporters.JUnitReportReporter -->
<testsuite hostname="DESKTOP-CB2UJMH" failures="0" tests="2" name="test.TeacherDeletionTest" time="16.172" errors="0" timestamp="2025-04-30T10:57:58 IST" skipped="0">
  <testcase classname="test.TeacherDeletionTest" name="Login" time="1.911"/>
  <testcase classname="test.TeacherDeletionTest" name="delete_teacher" time="14.261"/>
</testsuite> <!-- test.TeacherDeletionTest -->
