<?xml version="1.0" encoding="UTF-8"?>
<!-- Generated by org.testng.reporters.JUnitReportReporter -->
<testsuite hostname="DESKTOP-CB2UJMH" failures="0" tests="2" name="test.BusStudentAssignTest" time="23.376" errors="0" timestamp="2025-04-29T15:21:19 IST" skipped="0">
  <testcase classname="test.BusStudentAssignTest" name="Login" time="2.741"/>
  <testcase classname="test.BusStudentAssignTest" name="assign_student" time="20.635"/>
</testsuite> <!-- test.BusStudentAssignTest -->
