<?xml version="1.0" encoding="UTF-8"?>
<!-- Generated by org.testng.reporters.JUnitReportReporter -->
<testsuite hostname="DESKTOP-CB2UJMH" failures="0" tests="2" name="test.GateKeeperCreationTest" time="12.134" errors="0" timestamp="2025-04-30T10:40:55 IST" skipped="0">
  <testcase classname="test.GateKeeperCreationTest" name="Login" time="1.799"/>
  <testcase classname="test.GateKeeperCreationTest" name="create_gate_keeper" time="10.335"/>
</testsuite> <!-- test.GateKeeperCreationTest -->
