<?xml version="1.0" encoding="UTF-8"?>
<!-- Generated by org.testng.reporters.JUnitReportReporter -->
<testsuite hostname="DESKTOP-CB2UJMH" failures="0" tests="2" name="test.DriverUpdationTest" time="18.632" errors="0" timestamp="2025-04-30T10:20:39 IST" skipped="0">
  <testcase classname="test.DriverUpdationTest" name="Login" time="1.709"/>
  <testcase classname="test.DriverUpdationTest" name="update_driver" time="16.923"/>
</testsuite> <!-- test.DriverUpdationTest -->
