<?xml version="1.0" encoding="UTF-8"?>
<!-- Generated by org.testng.reporters.JUnitReportReporter -->
<testsuite hostname="DESKTOP-CB2UJMH" failures="0" tests="2" name="test.BusAllocationTest" time="15.484" errors="0" timestamp="2025-04-29T14:30:16 IST" skipped="0">
  <testcase classname="test.BusAllocationTest" name="Login" time="1.868"/>
  <testcase classname="test.BusAllocationTest" name="student_n_employee_allocation" time="13.616"/>
</testsuite> <!-- test.BusAllocationTest -->
