<?xml version="1.0" encoding="UTF-8"?>
<!-- Generated by org.testng.reporters.JUnitReportReporter -->
<testsuite hostname="DESKTOP-CB2UJMH" failures="0" tests="2" name="test.TransportOfficerCreationTest" time="12.428" errors="0" timestamp="2025-04-30T11:04:19 IST" skipped="0">
  <testcase classname="test.TransportOfficerCreationTest" name="Login" time="2.678"/>
  <testcase classname="test.TransportOfficerCreationTest" name="create_transport_officer" time="9.750"/>
</testsuite> <!-- test.TransportOfficerCreationTest -->
