<?xml version="1.0" encoding="UTF-8"?>
<!-- Generated by org.testng.reporters.JUnitReportReporter -->
<testsuite hostname="DESKTOP-CB2UJMH" failures="0" tests="2" name="test.DriverCreationTest" time="11.607" errors="0" timestamp="2025-04-30T10:19:36 IST" skipped="0">
  <testcase classname="test.DriverCreationTest" name="Login" time="1.722"/>
  <testcase classname="test.DriverCreationTest" name="create_driver" time="9.885"/>
</testsuite> <!-- test.DriverCreationTest -->
