<?xml version="1.0" encoding="UTF-8"?>
<!-- Generated by org.testng.reporters.JUnitReportReporter -->
<testsuite hostname="Dell-7390" failures="0" tests="1" name="test.LoginTest" time="0.539" errors="0" timestamp="2025-04-21T11:05:37 IST" skipped="0">
  <testcase classname="test.LoginTest" name="test_Valid_Login" time="0.539"/>
</testsuite> <!-- test.LoginTest -->
