<?xml version="1.0" encoding="UTF-8"?>
<!-- Generated by org.testng.reporters.JUnitReportReporter -->
<testsuite hostname="DESKTOP-CB2UJMH" failures="0" tests="2" name="general_settings.bus_stops.BusStopDeletionTest" time="10.006" errors="0" timestamp="2025-05-07T15:30:57 IST" skipped="0">
  <testcase classname="general_settings.bus_stops.BusStopDeletionTest" name="Login" time="1.893"/>
  <testcase classname="general_settings.bus_stops.BusStopDeletionTest" name="delete_class" time="8.113"/>
</testsuite> <!-- general_settings.bus_stops.BusStopDeletionTest -->
