<?xml version="1.0" encoding="UTF-8"?>
<!-- Generated by org.testng.reporters.JUnitReportReporter -->
<testsuite hostname="DESKTOP-CB2UJMH" failures="0" tests="2" name="test.TransportOfficerUpdationTest" time="21.395" errors="0" timestamp="2025-04-30T11:05:00 IST" skipped="0">
  <testcase classname="test.TransportOfficerUpdationTest" name="Login" time="2.598"/>
  <testcase classname="test.TransportOfficerUpdationTest" name="update_driver" time="18.797"/>
</testsuite> <!-- test.TransportOfficerUpdationTest -->
