<?xml version="1.0" encoding="UTF-8"?>
<!-- Generated by org.testng.reporters.JUnitReportReporter -->
<testsuite hostname="DESKTOP-CB2UJMH" failures="0" tests="2" name="general_settings.classes.ClassCreationTest" time="8.561" errors="0" timestamp="2025-05-07T14:05:29 IST" skipped="0">
  <testcase classname="general_settings.classes.ClassCreationTest" name="Login" time="2.042"/>
  <testcase classname="general_settings.classes.ClassCreationTest" name="create_class" time="6.519"/>
</testsuite> <!-- general_settings.classes.ClassCreationTest -->
