<?xml version="1.0" encoding="UTF-8"?>
<!-- Generated by org.testng.reporters.JUnitReportReporter -->
<testsuite hostname="DESKTOP-CB2UJMH" failures="0" tests="2" name="test.StudentQrDownloadTest" time="18.065" errors="0" timestamp="2025-04-29T17:25:51 IST" skipped="0">
  <testcase classname="test.StudentQrDownloadTest" name="Login" time="2.896"/>
  <testcase classname="test.StudentQrDownloadTest" name="download_bus_attendant_qr_code" time="15.169"/>
</testsuite> <!-- test.StudentQrDownloadTest -->
