<?xml version="1.0" encoding="UTF-8"?>
<!-- Generated by org.testng.reporters.JUnitReportReporter -->
<testsuite hostname="DESKTOP-CB2UJMH" failures="0" tests="2" name="general_settings.classes.ClassUpdationTest" time="11.510" errors="0" timestamp="2025-05-07T12:05:44 IST" skipped="0">
  <testcase classname="general_settings.classes.ClassUpdationTest" name="Login" time="4.190"/>
  <testcase classname="general_settings.classes.ClassUpdationTest" name="create_class" time="7.320"/>
</testsuite> <!-- general_settings.classes.ClassUpdationTest -->
