<?xml version="1.0" encoding="UTF-8"?>
<!-- Generated by org.testng.reporters.JUnitReportReporter -->
<testsuite hostname="DESKTOP-CB2UJMH" failures="0" tests="2" name="test.Login_Test" time="5.143" errors="0" timestamp="2025-04-22T15:41:40 IST" skipped="0">
  <testcase classname="test.Login_Test" name="test_valid_login" time="1.740"/>
  <testcase classname="test.Login_Test" name="validLogin_display_company_logo" time="3.403"/>
</testsuite> <!-- test.Login_Test -->
