<?xml version="1.0" encoding="UTF-8"?>
<!-- Generated by org.testng.reporters.JUnitReportReporter -->
<testsuite hostname="DESKTOP-CB2UJMH" failures="0" tests="2" name="general_settings.routes.RouteCreationTest" time="10.565" errors="0" timestamp="2025-05-07T16:40:17 IST" skipped="0">
  <testcase classname="general_settings.routes.RouteCreationTest" name="Login" time="2.477"/>
  <testcase classname="general_settings.routes.RouteCreationTest" name="create_class" time="8.088"/>
</testsuite> <!-- general_settings.routes.RouteCreationTest -->
